Reading file ass4w2.pls ....Please wait

Printing input buffer parameters:

The capacity of the buffer is:  171
The current size of the buffer is:  170

Printing input buffer contents:

!<This program contains syntax errors
!<Ginsberg's theorems:
!<1.You can't win
!<2.You can't break even
!<3.You can't even quit the game
PLATYPUS{
  a_ = a + . (- b);
};


Parsing the source file...

PLATY: Syntax error:  Line:  7
*****  Token code:  0 Attribute: _
PLATY: Syntax error:  Line:  7
*****  Token code:  0 Attribute: .
PLATY: Syntax error:  Line:  8
*****  Token code: 18 Attribute: NA

Syntax errors: 3

Collecting garbage...
