Reading file ass4w3.pls ....Please wait

Printing input buffer parameters:

The capacity of the buffer is:  351
The current size of the buffer is:  350

Printing input buffer contents:

!<This program contains a syntax error
!<Forsyth's second corollary to Murphy's law:
!<"Just when you see the light at the end of the tunnel, the roof caves."

PLATYPUS{
 INPUT(IF);
 a# = "";
 INPUT(b,a,b#);
 IF(if == "begin" .AND a# |= a)THEN
   a# = "begin" <> a# <> b# <> "end";
 
^@#$& ELSE{REPEAT};
PLATYPUS !<What is this creature doing here?
}

Parsing the source file...

PLATY: Syntax error:  Line:  6
*****  Token code: 16 Attribute: IF
PLATY: Syntax error:  Line:  6
*****  Token code: 16 Attribute: IF
PLATY: Syntax error:  Line:  9
*****  Token code:  6 Attribute: begin
PLATY: Syntax error:  Line:  9
*****  Token code:  6 Attribute: begin
PLATY: Syntax error:  Line: 12
*****  Token code:  0 Attribute: ^
PLATY: Syntax error:  Line: 12
*****  Token code:  0 Attribute: @
PLATY: Syntax error:  Line: 12
*****  Token code: 16 Attribute: REPEAT
PLATY: Syntax error:  Line: 13
*****  Token code: 16 Attribute: PLATYPUS

Syntax errors: 6

Collecting garbage...
